<?xml version="1.0" encoding="UTF-8"?>
<testsuites name="Mocha Tests" time="106.013" tests="5" failures="0">
  <testsuite name="Root Suite" timestamp="2025-02-04T19:48:23" tests="0" file="cypress\e2e\1-getting-started\pagina_execucao\03-comunicados.cy.js" time="0.000" failures="0">
  </testsuite>
  <testsuite name="COMUNICADOS" timestamp="2025-02-04T19:48:23" tests="5" time="106.008" failures="0">
    <testcase name="COMUNICADOS 3.2 - REALIZAR UPLOAD DE IMAGEM DE CAPA COM TAMANHO SUPERIOR A 2MB E VERIFICAR AS DIMENSÕES MÍNIMAS RECOMENDADAS PARA A IMAGEM DE CAPA" time="18.889" classname="3.2 - REALIZAR UPLOAD DE IMAGEM DE CAPA COM TAMANHO SUPERIOR A 2MB E VERIFICAR AS DIMENSÕES MÍNIMAS RECOMENDADAS PARA A IMAGEM DE CAPA">
    </testcase>
    <testcase name="COMUNICADOS 3.3 - INSERIR UM TÍTULO DO COMUNICADO COM MAIS DE 100 CARACTERES E VERIFICAR MENSAGEM DE ERRO, ALÉM DE VALIDAR A CONTAGEM DE CARACTERES VISÍVEL NO CAMPO DE CONTEÚDO DO COMUNICADO" time="13.109" classname="3.3 - INSERIR UM TÍTULO DO COMUNICADO COM MAIS DE 100 CARACTERES E VERIFICAR MENSAGEM DE ERRO, ALÉM DE VALIDAR A CONTAGEM DE CARACTERES VISÍVEL NO CAMPO DE CONTEÚDO DO COMUNICADO">
    </testcase>
    <testcase name="COMUNICADOS 3.4 -  INSERIR CONTEÚDO DO COMUNICADO COM MAIS DE 2000 CARACTERES E VERIFICAR MENSAGEM DE ERRO" time="52.980" classname="3.4 -  INSERIR CONTEÚDO DO COMUNICADO COM MAIS DE 2000 CARACTERES E VERIFICAR MENSAGEM DE ERRO">
    </testcase>
    <testcase name="COMUNICADOS 3.5 - REALIZAR MÚLTIPLOS UPLOADS DE ANEXOS E VERIFICAR SE TODOS SÃO REGISTRADOS CORRETAMENTE" time="10.396" classname="3.5 - REALIZAR MÚLTIPLOS UPLOADS DE ANEXOS E VERIFICAR SE TODOS SÃO REGISTRADOS CORRETAMENTE">
    </testcase>
    <testcase name="COMUNICADOS 3.6 - TENTAR ANEXAR ARQUIVOS COM FORMATOS INVÁLIDOS E VERIFICAR MENSAGENS DE ERRO" time="10.290" classname="3.6 - TENTAR ANEXAR ARQUIVOS COM FORMATOS INVÁLIDOS E VERIFICAR MENSAGENS DE ERRO">
    </testcase>
  </testsuite>
</testsuites>