<?xml version="1.0" encoding="UTF-8"?>
<testsuites name="Mocha Tests" time="66.484" tests="5" failures="0">
  <testsuite name="Root Suite" timestamp="2025-02-04T14:58:30" tests="0" file="cypress\e2e\1-getting-started\pagina_execucao\02-comunicados.cy.js" time="0.000" failures="0">
  </testsuite>
  <testsuite name="COMUNICADOS" timestamp="2025-02-04T14:58:30" tests="5" time="66.478" failures="0">
    <testcase name="COMUNICADOS 2.1 - PREENCHE TODOS OS CAMPOS OBRIGATÓRIOS E ENVIA O COMUNICADO COM SUCESSO" time="19.809" classname="2.1 - PREENCHE TODOS OS CAMPOS OBRIGATÓRIOS E ENVIA O COMUNICADO COM SUCESSO">
    </testcase>
    <testcase name="COMUNICADOS 2.2 - TENTAR ENVIAR COMUNICADO SEM SELECIONAR UM DEPARTAMENTO OU REALIZAR O UPLOAD DE UMA IMAGEM DE CAPA COM FORMATOS VÁLIDOS (PNG, JPEG, JPG)" time="17.211" classname="2.2 - TENTAR ENVIAR COMUNICADO SEM SELECIONAR UM DEPARTAMENTO OU REALIZAR O UPLOAD DE UMA IMAGEM DE CAPA COM FORMATOS VÁLIDOS (PNG, JPEG, JPG)">
    </testcase>
    <testcase name="COMUNICADOS 2.3 - VERIFICAR A FUNCIONALIDADE DO BOTÃO DE FECHAR E EXPANDIR A CAIXA DE CONTEÚDO E VALIDAR SE A CAIXA SE ADAPTA CORRETAMENTE AO SER FECHADA OU EXPANDIDA" time="9.898" classname="2.3 - VERIFICAR A FUNCIONALIDADE DO BOTÃO DE FECHAR E EXPANDIR A CAIXA DE CONTEÚDO E VALIDAR SE A CAIXA SE ADAPTA CORRETAMENTE AO SER FECHADA OU EXPANDIDA">
    </testcase>
    <testcase name="COMUNICADOS 2.4 - SELECIONAR UM DEPARTAMENTO E VALIDAR SE A SELEÇÃO É REGISTRADA CORRETAMENTE" time="9.021" classname="2.4 - SELECIONAR UM DEPARTAMENTO E VALIDAR SE A SELEÇÃO É REGISTRADA CORRETAMENTE">
    </testcase>
    <testcase name="COMUNICADOS 2.5 - SELECIONAR TODOS OS DEPARTAMENTOS E VALIDAR SE AS SELEÇÕES ESTÃO REGISTRADAS CORRETAMENTE" time="10.169" classname="2.5 - SELECIONAR TODOS OS DEPARTAMENTOS E VALIDAR SE AS SELEÇÕES ESTÃO REGISTRADAS CORRETAMENTE">
    </testcase>
  </testsuite>
</testsuites>