<?xml version="1.0" encoding="UTF-8"?>
<testsuites name="Mocha Tests" time="20.194" tests="7" failures="0">
  <testsuite name="Root Suite" timestamp="2025-02-04T13:54:30" tests="0" file="cypress\e2e\1-getting-started\pagina_execucao\01-login.cy.js" time="0.000" failures="0">
  </testsuite>
  <testsuite name="LOGIN" timestamp="2025-02-04T13:54:30" tests="7" time="20.189" failures="0">
    <testcase name="LOGIN 1.1 - Login efetuado com Sucesso" time="12.421" classname="1.1 - Login efetuado com Sucesso">
    </testcase>
    <testcase name="LOGIN 1.2 - Login com usuário não cadastrado" time="2.282" classname="1.2 - Login com usuário não cadastrado">
    </testcase>
    <testcase name="LOGIN 1.3 - Login com senha inválida" time="1.745" classname="1.3 - Login com senha inválida">
    </testcase>
    <testcase name="LOGIN 1.4 - Login sem preencher usuário" time="0.804" classname="1.4 - Login sem preencher usuário">
    </testcase>
    <testcase name="LOGIN 1.5 - Login sem preencher a senha" time="0.875" classname="1.5 - Login sem preencher a senha">
    </testcase>
    <testcase name="LOGIN 1.6 - Login sem preencher o usuário e a senha" time="0.512" classname="1.6 - Login sem preencher o usuário e a senha">
    </testcase>
    <testcase name="LOGIN 1.7 - Login com o usuário bloqueado/inativo" time="1.215" classname="1.7 - Login com o usuário bloqueado/inativo">
    </testcase>
  </testsuite>
</testsuites>